make all --print-data-base --no-builtin-variables --no-builtin-rules --question
# GNU Make 3.81
# Copyright (C) 2006  Free Software Foundation, Inc.
# This is free software; see the source for copying conditions.
# There is NO warranty; not even for MERCHANTABILITY or FITNESS FOR A
# PARTICULAR PURPOSE.

# This program built for i386-apple-darwin11.3.0

# Make data base, printed on Wed Dec 21 16:57:04 2022

# Variables

# automatic
<D = $(patsubst %/,%,$(dir $<))
# environment
RUBY_VERSION = ruby-2.3.0
# automatic
?F = $(notdir $?)
# automatic
?D = $(patsubst %/,%,$(dir $?))
# environment
rvm_path = /Users/carlosribeiro/.rvm
# automatic
@D = $(patsubst %/,%,$(dir $@))
# automatic
@F = $(notdir $@)
# makefile
CURDIR := /Users/carlosribeiro/Library/CloudStorage/OneDrive-UniversidadedeLisboa/VisualCode/palisade-sfdk
# makefile
SHELL = /bin/sh
# environment
VSCODE_NLS_CONFIG = {"locale":"en-gb","availableLanguages":{},"_languagePackSupport":true}
# environment
_ = /usr/bin/make
# environment
_system_version = 12.3
# makefile (from `Makefile', line 1)
MAKEFILE_LIST :=  Makefile
# environment
__CFBundleIdentifier = com.microsoft.VSCode
# environment
VSCODE_CWD = /
# environment
PATH = /Users/carlosribeiro/.rvm/gems/ruby-2.3.0/bin:/Users/carlosribeiro/.rvm/gems/ruby-2.3.0@global/bin:/Users/carlosribeiro/.rvm/rubies/ruby-2.3.0/bin:/Users/carlosribeiro/opt/anaconda3/bin:/Users/carlosribeiro/opt/anaconda3/condabin:/Users/carlosribeiro/Library/Python/3.8/bin:/usr/bin:/bin:/usr/sbin:/sbin:/Applications/VMware Fusion.app/Contents/Public:/Library/TeX/texbin:/usr/local/bin:/opt/X11/bin:/Library/Apple/usr/bin:/Applications/Wireshark.app/Contents/MacOS:/Users/carlosribeiro/.cargo/bin:/Users/carlosribeiro/.rvm/bin:/Users/carlosribeiro/.go/bin:/usr/local/opt/go/libexec/bin
# environment
GOPATH = /Users/carlosribeiro/.go
# environment
_system_name = OSX
# environment
ELECTRON_RUN_AS_NODE = 1
# default
.FEATURES := target-specific order-only second-expansion else-if archives jobserver check-symlink
# environment
SSH_AUTH_SOCK = /private/tmp/com.apple.launchd.IjvC1NENKY/Listeners
# automatic
%F = $(notdir $%)
# environment
DISPLAY = /private/tmp/com.apple.launchd.GalRxgaNUs/org.macosforge.xquartz:0
# environment
CONDA_EXE = /Users/carlosribeiro/opt/anaconda3/bin/conda
# environment
rvm_bin_path = /Users/carlosribeiro/.rvm/bin
# environment
PWD = /Users/carlosribeiro/Library/CloudStorage/OneDrive-UniversidadedeLisboa/VisualCode/palisade-sfdk
# environment
GEM_HOME = /Users/carlosribeiro/.rvm/gems/ruby-2.3.0
# environment
ORIGINAL_XDG_CURRENT_DESKTOP = undefined
# environment
VSCODE_AMD_ENTRYPOINT = vs/workbench/api/node/extensionHostProcess
# environment
HOME = /Users/carlosribeiro
# default
MAKEFILEPATH := /Applications/Xcode.app/Contents/Developer/Makefiles
# environment
VSCODE_CODE_CACHE_PATH = /Users/carlosribeiro/Library/Application Support/Code/CachedData/e8a3071ea4344d9d48ef8a4df2c097372b0c5161
# environment
LOGNAME = carlosribeiro
# environment
APPLICATION_INSIGHTS_NO_DIAGNOSTIC_CHANNEL = 1
# environment
CONDA_PROMPT_MODIFIER = (base) 
# environment
VSCODE_HANDLES_UNCAUGHT_ERRORS = true
# automatic
^D = $(patsubst %/,%,$(dir $^))
# environment
GEM_PATH = /Users/carlosribeiro/.rvm/gems/ruby-2.3.0:/Users/carlosribeiro/.rvm/gems/ruby-2.3.0@global
# environment
CONDA_DEFAULT_ENV = base
# environment
XPC_FLAGS = 0x0
# default
MAKE = $(MAKE_COMMAND)
# default
MAKECMDGOALS := all
# environment
IRBRC = /Users/carlosribeiro/.rvm/rubies/ruby-2.3.0/.irbrc
# environment
SHLVL = 1
# default
MAKE_VERSION := 3.81
# environment
USER = carlosribeiro
# makefile
.DEFAULT_GOAL := 
# environment
GOROOT = /usr/local/opt/go/libexec
# environment
rvm_version = 1.27.0 (latest)
# automatic
%D = $(patsubst %/,%,$(dir $%))
# environment
CONDA_SHLVL = 1
# default
MAKE_COMMAND := /Applications/Xcode.app/Contents/Developer/usr/bin/make
# default
.VARIABLES := 
# environment
TMPDIR = /var/folders/d4/7jl4z8yd0mg0cknjwtr8tmm00000gn/T/
# automatic
*F = $(notdir $*)
# environment
VSCODE_IPC_HOOK = /Users/carlosribeiro/Library/Application Support/Code/1.74.2-main.sock
# environment
MallocNanoZone = 0
# environment
PYTHONPATH = /Users/carlosribeiro/Library/Python/3.8/bin
# makefile
MAKEFLAGS = Rrqp
# environment
MFLAGS = -Rrqp
# automatic
*D = $(patsubst %/,%,$(dir $*))
# environment
XPC_SERVICE_NAME = application.com.microsoft.VSCode.62058197.62058203
# automatic
+D = $(patsubst %/,%,$(dir $+))
# automatic
+F = $(notdir $+)
# environment
__CF_USER_TEXT_ENCODING = 0x1F5:0x0:0x0
# environment
COMMAND_MODE = unix2003
# default
MAKEFILES := 
# environment
_system_type = Darwin
# automatic
<F = $(notdir $<)
# environment
LC_ALL = C
# environment
CONDA_PYTHON_EXE = /Users/carlosribeiro/opt/anaconda3/bin/python
# automatic
^F = $(notdir $^)
# environment
rvm_prefix = /Users/carlosribeiro
# default
SUFFIXES := 
# environment
_system_arch = x86_64
# default
.INCLUDE_DIRS = /usr/local/include
# environment
MAKELEVEL := 0
# environment
CONDA_PREFIX = /Users/carlosribeiro/opt/anaconda3
# environment
VSCODE_PID = 49316
# environment
MY_RUBY_HOME = /Users/carlosribeiro/.rvm/rubies/ruby-2.3.0
# environment
LANG = C
# variable set hash-table stats:
# Load=81/1024=8%, Rehash=0, Collisions=3/95=3%

# Pattern-specific Variable Values

# No pattern-specific variable values.

# Directories

# . (device 16777223, inode 45163889): 34 files, no impossibilities.

# 34 files, no impossibilities in 1 directories.

# Implicit Rules

# No implicit rules.

# Files

# Not a target:
all:
#  Command-line target.
#  Implicit rule search has not been done.
#  Modification time never checked.
#  File has not been updated.

# Not a target:
.SUFFIXES:
#  Implicit rule search has not been done.
#  Modification time never checked.
#  File has not been updated.

# Not a target:
Makefile:
#  Implicit rule search has not been done.
#  Modification time never checked.
#  File has not been updated.

# Not a target:
.DEFAULT:
#  Implicit rule search has not been done.
#  Modification time never checked.
#  File has not been updated.

# files hash-table stats:
# Load=4/1024=0%, Rehash=0, Collisions=0/5=0%
# VPATH Search Paths

# No `vpath' search paths.

# No general (`VPATH' variable) search path.

# # of strings in strcache: 1
# # of strcache buffers: 1
# strcache size: total = 4096 / max = 4096 / min = 4096 / avg = 4096
# strcache free: total = 4087 / max = 4087 / min = 4087 / avg = 4087

# Finished Make data base on Wed Dec 21 16:57:04 2022

 
Makefile:1: *** missing separator.  Stop.

